<?xml version="1.0" encoding="UTF-8"?>
<testExecutions version="1">
  <file path="/Users/pedro/Documents/EAD/eng de software/EstacionamentoApp/__tests__/components/button.test.tsx">
    <testCase name="Testing Button component should render correctly" duration="745"/>
  </file>
  <file path="/Users/pedro/Documents/EAD/eng de software/EstacionamentoApp/__tests__/components/input.test.tsx">
    <testCase name="Testing Input component should render correctly" duration="558"/>
    <testCase name="Testing Input component should read an input" duration="35"/>
  </file>
  <file path="/Users/pedro/Documents/EAD/eng de software/EstacionamentoApp/__tests__/views/login-view.test.tsx">
    <testCase name="Testing login view should match snapshot" duration="930"/>
    <testCase name="Testing login view should sign in" duration="49"/>
    <testCase name="Testing login view should not sign in" duration="29"/>
  </file>
  <file path="/Users/pedro/Documents/EAD/eng de software/EstacionamentoApp/__tests__/views/usuarios/adicionar-usuario-view.test.tsx">
    <testCase name="Testing add user view should match snapshot" duration="900"/>
    <testCase name="Testing add user view should add new user" duration="79"/>
    <testCase name="Testing add user view should not add new user" duration="32"/>
    <testCase name="Testing add user view should add new manager" duration="39"/>
  </file>
  <file path="/Users/pedro/Documents/EAD/eng de software/EstacionamentoApp/__tests__/views/patios/patios-view.test.tsx">
    <testCase name="Testing patios view should match snapshot" duration="1116"/>
  </file>
  <file path="/Users/pedro/Documents/EAD/eng de software/EstacionamentoApp/__tests__/views/usuarios/usuarios-view.test.tsx">
    <testCase name="Testing users view should match snapshot" duration="979"/>
  </file>
  <file path="/Users/pedro/Documents/EAD/eng de software/EstacionamentoApp/__tests__/views/clientes/clientes-view.test.tsx">
    <testCase name="Testing clients view should match snapshot" duration="1052"/>
  </file>
  <file path="/Users/pedro/Documents/EAD/eng de software/EstacionamentoApp/__tests__/views/clientes/checkin-view.test.tsx">
    <testCase name="Testing checkin view should match snapshot" duration="332"/>
  </file>
  <file path="/Users/pedro/Documents/EAD/eng de software/EstacionamentoApp/__tests__/views/patios/adicionar-patio-view.test.tsx">
    <testCase name="Testing add new patio view should match snapshot" duration="254"/>
  </file>
  <file path="/Users/pedro/Documents/EAD/eng de software/EstacionamentoApp/__tests__/views/patios/carros-estacionados-view.test.tsx">
    <testCase name="Testing parked cars view should match snapshot" duration="211"/>
  </file>
</testExecutions>