<?xml version="1.0" encoding="UTF-8"?>
<testExecutions version="1">
  <file path="/Users/pedro/Documents/EAD/eng de software/EstacionamentoApp/__tests__/components/button.test.tsx">
    <testCase name="Testing Button component should render correctly" duration="822"/>
  </file>
  <file path="/Users/pedro/Documents/EAD/eng de software/EstacionamentoApp/__tests__/views/login-view.test.tsx">
    <testCase name="Testing login view should match snapshot" duration="948"/>
    <testCase name="Testing login view should sign in" duration="72"/>
    <testCase name="Testing login view should not sign in" duration="80"/>
  </file>
  <file path="/Users/pedro/Documents/EAD/eng de software/EstacionamentoApp/__tests__/views/patios/carros-estacionados-view.test.tsx">
    <testCase name="Testing parked cars view should match snapshot" duration="1169"/>
  </file>
  <file path="/Users/pedro/Documents/EAD/eng de software/EstacionamentoApp/__tests__/views/usuarios/usuarios-view.test.tsx">
    <testCase name="Testing users view should match snapshot" duration="1127"/>
  </file>
  <file path="/Users/pedro/Documents/EAD/eng de software/EstacionamentoApp/__tests__/views/patios/adicionar-patio-view.test.tsx">
    <testCase name="Testing add new patio view should match snapshot" duration="1038"/>
  </file>
  <file path="/Users/pedro/Documents/EAD/eng de software/EstacionamentoApp/__tests__/components/input.test.tsx">
    <testCase name="Testing Input component should render correctly" duration="235"/>
    <testCase name="Testing Input component should read an input" duration="14"/>
  </file>
  <file path="/Users/pedro/Documents/EAD/eng de software/EstacionamentoApp/__tests__/views/clientes/clientes-view.test.tsx">
    <testCase name="Testing clients view should match snapshot" duration="1197"/>
  </file>
  <file path="/Users/pedro/Documents/EAD/eng de software/EstacionamentoApp/__tests__/views/usuarios/adicionar-usuario-view.test.tsx">
    <testCase name="Testing add user view should match snapshot" duration="908"/>
    <testCase name="Testing add user view should add new user" duration="107"/>
    <testCase name="Testing add user view should not add new user" duration="43"/>
    <testCase name="Testing add user view should add new manager" duration="29"/>
  </file>
  <file path="/Users/pedro/Documents/EAD/eng de software/EstacionamentoApp/__tests__/views/patios/patios-view.test.tsx">
    <testCase name="Testing patios view should match snapshot" duration="156"/>
  </file>
  <file path="/Users/pedro/Documents/EAD/eng de software/EstacionamentoApp/__tests__/views/clientes/checkin-view.test.tsx">
    <testCase name="Testing checkin view should match snapshot" duration="212"/>
  </file>
  <file path="/Users/pedro/Documents/EAD/eng de software/EstacionamentoApp/__tests__/views/rendimentos-view.test.tsx">
    <testCase name="Testing users view should match snapshot" duration="96"/>
  </file>
</testExecutions>