<?xml version="1.0" encoding="UTF-8"?>
<testExecutions version="1">
  <file path="/Users/pedro/Documents/EAD/eng de software/EstacionamentoApp/__tests__/views/patios/carros-estacionados-view.test.tsx">
    <testCase name="Testing patios view should match snapshot" duration="505"/>
  </file>
</testExecutions>